[2018-January-05 Friday, 15:58:29] 20180105日 15:58:29
[2018-January-05 Friday, 15:59:21] 20180105 15:59:21检测更新
[2018-January-05 Friday, 16:00:56] 20180105 16:00:56检测服务端文件是否有更新
[2018-January-05 Friday, 16:01:42] ---------------------------------------------------------------------------
[2018-January-05 Friday, 16:01:42] 20180105 16:01:42 检测服务端文件是否有更新
[2018-January-05 Friday, 16:20:10] 检测服务端文件是否有更新
[2018-January-05 Friday, 16:37:28] 检测服务端文件是否有更新
[2018-January-05 Friday, 16:41:24] 检测服务端文件是否有更新
[2018-January-05 Friday, 17:18:40] 检测服务端文件是否有更新
[2018-January-05 Friday, 17:23:40] 检测服务端文件是否有更新
[2018-January-05 Friday, 17:26:29] 检测服务端文件是否有更新
[2018-January-05 Friday, 17:28:01] 检测服务端文件是否有更新
[2018-January-05 Friday, 17:41:31] 检测服务端文件是否有更新
[2018-January-05 Friday, 17:52:51] 检测服务端文件是否有更新
[2018-January-08 Monday, 15:28:27] 检测服务端文件是否有更新
[2018-January-08 Monday, 16:03:14] 检测服务端文件是否有更新
[2018-January-08 Monday, 16:31:42] 检测服务端文件是否有更新
[2018-January-08 Monday, 16:32:05] 检测服务端文件是否有更新
[2018-January-08 Monday, 16:32:20] 检测服务端文件是否有更新
[2018-January-08 Monday, 16:32:56] 检测服务端文件是否有更新
[2018-January-08 Monday, 16:33:51] 检测服务端文件是否有更新
[2018-January-08 Monday, 16:34:16] 检测服务端文件是否有更新
[2018-January-08 Monday, 16:34:46] 检测服务端文件是否有更新
[2018-January-08 Monday, 16:51:22] 检测服务端文件是否有更新
[2018-January-08 Monday, 16:52:46] 检测服务端文件是否有更新
[2018-January-08 Monday, 16:54:13] 检测服务端文件是否有更新
[2018-January-08 Monday, 16:55:01] 检测服务端文件是否有更新
[2018-January-08 Monday, 16:56:25] 检测服务端文件是否有更新
[2018-January-08 Monday, 16:56:46] 检测服务端文件是否有更新
[2018-January-08 Monday, 17:00:00] 检测服务端文件是否有更新
[2018-January-08 Monday, 17:15:26] 检测服务端文件是否有更新
[2018-January-08 Monday, 17:16:19] 检测服务端文件是否有更新
[2018-January-08 Monday, 17:17:13] 检测服务端文件是否有更新
[2018-January-08 Monday, 17:17:37] 检测服务端文件是否有更新
[2018-January-08 Monday, 17:18:13] 检测服务端文件是否有更新
[2018-January-08 Monday, 17:18:29] 检测服务端文件是否有更新
[2018-January-08 Monday, 17:18:59] 检测服务端文件是否有更新
[2018-January-08 Monday, 17:19:40] 检测服务端文件是否有更新
[2018-January-08 Monday, 17:21:03] 检测服务端文件是否有更新
[2018-January-08 Monday, 17:21:13] 检测服务端文件是否有更新
[2018-January-08 Monday, 17:22:23] 检测服务端文件是否有更新
[2018-January-08 Monday, 17:22:52] 检测服务端文件是否有更新
[2018-January-08 Monday, 17:22:58] 检测服务端文件是否有更新
[2018-January-08 Monday, 17:24:21] 检测服务端文件是否有更新
[2018-January-08 Monday, 17:24:58] 检测服务端文件是否有更新
[2018-January-08 Monday, 17:25:18] 检测服务端文件是否有更新
[2018-January-08 Monday, 17:25:49] 检测服务端文件是否有更新
[2018-January-08 Monday, 17:27:06] 检测服务端文件是否有更新
[2018-January-08 Monday, 17:27:15] 检测服务端文件是否有更新
[2018-January-08 Monday, 17:36:08] 检测服务端文件是否有更新
[2018-January-08 Monday, 17:37:28] 检测服务端文件是否有更新
[2018-January-08 Monday, 17:37:39] 检测服务端文件是否有更新
[2018-January-08 Monday, 17:38:01] 检测服务端文件是否有更新
[2018-January-08 Monday, 17:38:49] 检测服务端文件是否有更新
[2018-January-08 Monday, 17:38:56] 检测服务端文件是否有更新
[2018-January-08 Monday, 17:39:31] 检测服务端文件是否有更新
[2018-January-08 Monday, 17:39:49] 检测服务端文件是否有更新
[2018-January-08 Monday, 17:40:42] 检测服务端文件是否有更新
[2018-January-08 Monday, 17:41:18] 检测服务端文件是否有更新
[2018-January-09 Tuesday, 09:10:56] 检测服务端文件是否有更新
